2025-01-21 22:49:46,711 [INFO] === ç³»çµ±ç’°å¢ƒä¿¡æ¯ ===
2025-01-21 22:49:46,711 [INFO] Python ç‰ˆæœ¬: 3.8.10 (tags/v3.8.10:3d8993a, May  3 2021, 11:48:03) [MSC v.1928 64 bit (AMD64)]
2025-01-21 22:49:46,711 [INFO] ç³»çµ±å¹³å°: win32
2025-01-21 22:49:46,711 [INFO] æ–‡ä»¶ç³»çµ±ç·¨ç¢¼: mbcs
2025-01-21 22:49:46,711 [INFO] é»˜èªç·¨ç¢¼: utf-8
2025-01-21 22:49:46,711 [INFO] ç’°å¢ƒè®Šé‡:
2025-01-21 22:49:46,712 [INFO] - PYTHONIOENCODING: utf-8
2025-01-21 22:49:46,712 [INFO] - PYTHONUTF8: 1
2025-01-21 22:49:46,712 [INFO] - LANG: zh_TW.UTF-8
2025-01-21 22:49:46,712 [INFO] - LC_ALL: zh_TW.UTF-8
2025-01-21 22:49:46,734 [INFO] === ç³»çµ±ç’°å¢ƒä¿¡æ¯ ===
2025-01-21 22:49:46,735 [INFO] Python ç‰ˆæœ¬: 3.8.10 (tags/v3.8.10:3d8993a, May  3 2021, 11:48:03) [MSC v.1928 64 bit (AMD64)]
2025-01-21 22:49:46,735 [INFO] ç³»çµ±å¹³å°: win32
2025-01-21 22:49:46,735 [INFO] æ–‡ä»¶ç³»çµ±ç·¨ç¢¼: utf-8
2025-01-21 22:49:46,735 [INFO] é»˜èªç·¨ç¢¼: utf-8
2025-01-21 22:49:46,735 [INFO] ç’°å¢ƒè®Šé‡:
2025-01-21 22:49:46,736 [INFO] - PYTHONIOENCODING: utf-8
2025-01-21 22:49:46,736 [INFO] - PYTHONUTF8: 1
2025-01-21 22:49:46,736 [INFO] - LANG: zh_TW.UTF-8
2025-01-21 22:49:46,736 [INFO] - LC_ALL: zh_TW.UTF-8
2025-01-21 22:49:46,932 [INFO] === ç³»çµ±ç’°å¢ƒä¿¡æ¯ ===
2025-01-21 22:49:46,932 [INFO] Python ç‰ˆæœ¬: 3.8.10 (tags/v3.8.10:3d8993a, May  3 2021, 11:48:03) [MSC v.1928 64 bit (AMD64)]
2025-01-21 22:49:46,932 [INFO] ç³»çµ±å¹³å°: win32
2025-01-21 22:49:46,932 [INFO] æ–‡ä»¶ç³»çµ±ç·¨ç¢¼: utf-8
2025-01-21 22:49:46,932 [INFO] é»˜èªç·¨ç¢¼: utf-8
2025-01-21 22:49:46,932 [INFO] ç’°å¢ƒè®Šé‡:
2025-01-21 22:49:46,933 [INFO] - PYTHONIOENCODING: utf-8
2025-01-21 22:49:46,933 [INFO] - PYTHONUTF8: 1
2025-01-21 22:49:46,933 [INFO] - LANG: zh_TW.UTF-8
2025-01-21 22:49:46,933 [INFO] - LC_ALL: zh_TW.UTF-8
2025-01-21 22:49:47,007 [INFO] === ç³»çµ±ç’°å¢ƒä¿¡æ¯ ===
2025-01-21 22:49:47,007 [INFO] Python ç‰ˆæœ¬: 3.8.10 (tags/v3.8.10:3d8993a, May  3 2021, 11:48:03) [MSC v.1928 64 bit (AMD64)]
2025-01-21 22:49:47,007 [INFO] ç³»çµ±å¹³å°: win32
2025-01-21 22:49:47,007 [INFO] æ–‡ä»¶ç³»çµ±ç·¨ç¢¼: utf-8
2025-01-21 22:49:47,007 [INFO] é»˜èªç·¨ç¢¼: utf-8
2025-01-21 22:49:47,007 [INFO] ç’°å¢ƒè®Šé‡:
2025-01-21 22:49:47,007 [INFO] - PYTHONIOENCODING: utf-8
2025-01-21 22:49:47,007 [INFO] - PYTHONUTF8: 1
2025-01-21 22:49:47,007 [INFO] - LANG: zh_TW.UTF-8
2025-01-21 22:49:47,008 [INFO] - LC_ALL: zh_TW.UTF-8
2025-01-21 22:49:47,300 [INFO] === ç³»çµ±ç’°å¢ƒä¿¡æ¯ ===
2025-01-21 22:49:47,300 [INFO] Python ç‰ˆæœ¬: 3.8.10 (tags/v3.8.10:3d8993a, May  3 2021, 11:48:03) [MSC v.1928 64 bit (AMD64)]
2025-01-21 22:49:47,300 [INFO] ç³»çµ±å¹³å°: win32
2025-01-21 22:49:47,300 [INFO] æ–‡ä»¶ç³»çµ±ç·¨ç¢¼: mbcs
2025-01-21 22:49:47,300 [INFO] é»˜èªç·¨ç¢¼: utf-8
2025-01-21 22:49:47,301 [INFO] ç’°å¢ƒè®Šé‡:
2025-01-21 22:49:47,301 [INFO] - PYTHONIOENCODING: utf-8
2025-01-21 22:49:47,301 [INFO] - PYTHONUTF8: 1
2025-01-21 22:49:47,301 [INFO] - LANG: zh_TW.UTF-8
2025-01-21 22:49:47,301 [INFO] - LC_ALL: zh_TW.UTF-8
2025-01-21 22:49:47,305 [INFO] === ç³»çµ±ç’°å¢ƒä¿¡æ¯ ===
2025-01-21 22:49:47,305 [INFO] Python ç‰ˆæœ¬: 3.8.10 (tags/v3.8.10:3d8993a, May  3 2021, 11:48:03) [MSC v.1928 64 bit (AMD64)]
2025-01-21 22:49:47,305 [INFO] ç³»çµ±å¹³å°: win32
2025-01-21 22:49:47,305 [INFO] æ–‡ä»¶ç³»çµ±ç·¨ç¢¼: utf-8
2025-01-21 22:49:47,305 [INFO] é»˜èªç·¨ç¢¼: utf-8
2025-01-21 22:49:47,305 [INFO] ç’°å¢ƒè®Šé‡:
2025-01-21 22:49:47,305 [INFO] - PYTHONIOENCODING: utf-8
2025-01-21 22:49:47,306 [INFO] - PYTHONUTF8: 1
2025-01-21 22:49:47,306 [INFO] - LANG: zh_TW.UTF-8
2025-01-21 22:49:47,306 [INFO] - LC_ALL: zh_TW.UTF-8
2025-01-21 22:49:47,328 [INFO] === ç³»çµ±ç’°å¢ƒä¿¡æ¯ ===
2025-01-21 22:49:47,328 [INFO] Python ç‰ˆæœ¬: 3.8.10 (tags/v3.8.10:3d8993a, May  3 2021, 11:48:03) [MSC v.1928 64 bit (AMD64)]
2025-01-21 22:49:47,328 [INFO] ç³»çµ±å¹³å°: win32
2025-01-21 22:49:47,328 [INFO] æ–‡ä»¶ç³»çµ±ç·¨ç¢¼: mbcs
2025-01-21 22:49:47,328 [INFO] é»˜èªç·¨ç¢¼: utf-8
2025-01-21 22:49:47,328 [INFO] ç’°å¢ƒè®Šé‡:
2025-01-21 22:49:47,328 [INFO] - PYTHONIOENCODING: utf-8
2025-01-21 22:49:47,328 [INFO] - PYTHONUTF8: 1
2025-01-21 22:49:47,329 [INFO] - LANG: zh_TW.UTF-8
2025-01-21 22:49:47,329 [INFO] - LC_ALL: zh_TW.UTF-8
2025-01-21 22:49:47,472 [INFO] === ç³»çµ±ç’°å¢ƒä¿¡æ¯ ===
2025-01-21 22:49:47,472 [INFO] Python ç‰ˆæœ¬: 3.8.10 (tags/v3.8.10:3d8993a, May  3 2021, 11:48:03) [MSC v.1928 64 bit (AMD64)]
2025-01-21 22:49:47,472 [INFO] ç³»çµ±å¹³å°: win32
2025-01-21 22:49:47,472 [INFO] æ–‡ä»¶ç³»çµ±ç·¨ç¢¼: utf-8
2025-01-21 22:49:47,472 [INFO] é»˜èªç·¨ç¢¼: utf-8
2025-01-21 22:49:47,472 [INFO] ç’°å¢ƒè®Šé‡:
2025-01-21 22:49:47,472 [INFO] - PYTHONIOENCODING: utf-8
2025-01-21 22:49:47,472 [INFO] - PYTHONUTF8: 1
2025-01-21 22:49:47,472 [INFO] - LANG: zh_TW.UTF-8
2025-01-21 22:49:47,472 [INFO] - LC_ALL: zh_TW.UTF-8
2025-01-21 22:49:47,733 [INFO] === ç³»çµ±ç’°å¢ƒä¿¡æ¯ ===
2025-01-21 22:49:47,733 [INFO] Python ç‰ˆæœ¬: 3.8.10 (tags/v3.8.10:3d8993a, May  3 2021, 11:48:03) [MSC v.1928 64 bit (AMD64)]
2025-01-21 22:49:47,733 [INFO] ç³»çµ±å¹³å°: win32
2025-01-21 22:49:47,733 [INFO] æ–‡ä»¶ç³»çµ±ç·¨ç¢¼: utf-8
2025-01-21 22:49:47,733 [INFO] é»˜èªç·¨ç¢¼: utf-8
2025-01-21 22:49:47,733 [INFO] ç’°å¢ƒè®Šé‡:
2025-01-21 22:49:47,733 [INFO] - PYTHONIOENCODING: utf-8
2025-01-21 22:49:47,734 [INFO] - PYTHONUTF8: 1
2025-01-21 22:49:47,734 [INFO] - LANG: zh_TW.UTF-8
2025-01-21 22:49:47,734 [INFO] - LC_ALL: zh_TW.UTF-8
2025-01-21 22:49:48,468 [WARNING]  * Debugger is active!
2025-01-21 22:49:48,481 [INFO]  * Debugger PIN: 135-978-165
2025-01-21 22:49:48,657 [WARNING]  * Debugger is active!
2025-01-21 22:49:48,663 [INFO]  * Debugger PIN: 135-978-165
2025-01-21 22:49:48,758 [WARNING]  * Debugger is active!
2025-01-21 22:49:48,765 [INFO]  * Debugger PIN: 135-978-165
2025-01-21 22:49:48,801 [WARNING]  * Debugger is active!
2025-01-21 22:49:48,809 [INFO]  * Debugger PIN: 135-978-165
2025-01-21 22:49:48,922 [WARNING]  * Debugger is active!
2025-01-21 22:49:48,934 [INFO]  * Debugger PIN: 135-978-165
2025-01-21 22:49:48,949 [WARNING]  * Debugger is active!
2025-01-21 22:49:48,956 [INFO]  * Debugger PIN: 135-978-165
2025-01-21 22:49:49,032 [WARNING]  * Debugger is active!
2025-01-21 22:49:49,041 [INFO]  * Debugger PIN: 135-978-165
2025-01-21 22:49:49,056 [WARNING]  * Debugger is active!
2025-01-21 22:49:49,099 [INFO]  * Debugger PIN: 135-978-165
2025-01-21 22:49:49,239 [WARNING]  * Debugger is active!
2025-01-21 22:49:49,247 [INFO]  * Debugger PIN: 135-978-165
2025-01-21 23:00:44,288 [INFO] === é–‹å§‹è™•ç†æ–‡ä»¶ä¸Šå‚³è«‹æ±‚ ===
2025-01-21 23:00:44,288 [INFO] è«‹æ±‚é ­: {'Host': 'localhost:5000', 'Connection': 'keep-alive', 'Content-Length': '22853597', 'Pragma': 'no-cache', 'Cache-Control': 'no-cache', 'Sec-Ch-Ua-Platform': '"Windows"', 'User-Agent': 'Mozilla/5.0 (Windows NT 10.0; Win64; x64) AppleWebKit/537.36 (KHTML, like Gecko) Chrome/131.0.0.0 Safari/537.36', 'Accept': 'application/json', 'Sec-Ch-Ua': '"Google Chrome";v="131", "Chromium";v="131", "Not_A Brand";v="24"', 'Content-Type': 'multipart/form-data; boundary=----WebKitFormBoundaryhZF6AAvmOSICAqcY', 'Sec-Ch-Ua-Mobile': '?0', 'Origin': 'http://localhost:5500', 'Sec-Fetch-Site': 'same-site', 'Sec-Fetch-Mode': 'cors', 'Sec-Fetch-Dest': 'empty', 'Referer': 'http://localhost:5500/', 'Accept-Encoding': 'gzip, deflate, br, zstd', 'Accept-Language': 'zh-TW,zh;q=0.9,en-US;q=0.8,en;q=0.7'}
2025-01-21 23:00:44,369 [INFO] === æ–‡ä»¶ä¿¡æ¯ ===
2025-01-21 23:00:44,369 [INFO] Content-Type: multipart/form-data; boundary=----WebKitFormBoundaryhZF6AAvmOSICAqcY
2025-01-21 23:00:44,369 [INFO] è¡¨å–®æ•¸æ“š: {'originalFilename': '20230817_æœ‰æ„è­˜çš„ç”Ÿæ´»_01.mp3'}
2025-01-21 23:00:44,369 [INFO] æ–‡ä»¶å°è±¡: <FileStorage: '20230817_%E6%9C%89%E6%84%8F%E8%AD%98%E7%9A%84%E7%94%9F%E6%B4%BB_01.mp3' ('audio/mpeg')>
2025-01-21 23:00:44,369 [INFO] æ–‡ä»¶å: 20230817_%E6%9C%89%E6%84%8F%E8%AD%98%E7%9A%84%E7%94%9F%E6%B4%BB_01.mp3
2025-01-21 23:00:44,371 [DEBUG] ä¸Šå‚³çš„æ–‡ä»¶å å­—ç¬¦ä¸²åˆ†æ:
2025-01-21 23:00:44,371 [DEBUG] ä¸Šå‚³çš„æ–‡ä»¶å - value: 20230817_%E6%9C%89%E6%84%8F%E8%AD%98%E7%9A%84%E7%94%9F%E6%B4%BB_01.mp3
2025-01-21 23:00:44,371 [DEBUG] ä¸Šå‚³çš„æ–‡ä»¶å - type: str
2025-01-21 23:00:44,371 [DEBUG] ä¸Šå‚³çš„æ–‡ä»¶å - length: 70
2025-01-21 23:00:44,371 [DEBUG] ä¸Šå‚³çš„æ–‡ä»¶å - bytes_repr: b'20230817_%E6%9C%89%E6%84%8F%E8%AD%98%E7%9A%84%E7%94%9F%E6%B4%BB_01.mp3'
2025-01-21 23:00:44,371 [DEBUG] ä¸Šå‚³çš„æ–‡ä»¶å - is_ascii: True
2025-01-21 23:00:44,371 [DEBUG] ä¸Šå‚³çš„æ–‡ä»¶å - contains_chinese: False
2025-01-21 23:00:44,371 [DEBUG] ä¸Šå‚³çš„æ–‡ä»¶å - url_encoded: 20230817_%25E6%259C%2589%25E6%2584%258F%25E8%25AD%2598%25E7%259A%2584%25E7%2594%259F%25E6%25B4%25BB_01.mp3
2025-01-21 23:00:44,372 [DEBUG] ä¸Šå‚³çš„æ–‡ä»¶å - url_decoded: 20230817_æœ‰æ„è­˜çš„ç”Ÿæ´»_01.mp3
2025-01-21 23:00:44,372 [DEBUG] åŸå§‹æ–‡ä»¶å å­—ç¬¦ä¸²åˆ†æ:
2025-01-21 23:00:44,372 [DEBUG] åŸå§‹æ–‡ä»¶å - value: 20230817_æœ‰æ„è­˜çš„ç”Ÿæ´»_01.mp3
2025-01-21 23:00:44,372 [DEBUG] åŸå§‹æ–‡ä»¶å - type: str
2025-01-21 23:00:44,372 [DEBUG] åŸå§‹æ–‡ä»¶å - length: 22
2025-01-21 23:00:44,372 [DEBUG] åŸå§‹æ–‡ä»¶å - bytes_repr: b'20230817_\xe6\x9c\x89\xe6\x84\x8f\xe8\xad\x98\xe7\x9a\x84\xe7\x94\x9f\xe6\xb4\xbb_01.mp3'
2025-01-21 23:00:44,372 [DEBUG] åŸå§‹æ–‡ä»¶å - is_ascii: False
2025-01-21 23:00:44,372 [DEBUG] åŸå§‹æ–‡ä»¶å - contains_chinese: True
2025-01-21 23:00:44,372 [DEBUG] åŸå§‹æ–‡ä»¶å - url_encoded: 20230817_%E6%9C%89%E6%84%8F%E8%AD%98%E7%9A%84%E7%94%9F%E6%B4%BB_01.mp3
2025-01-21 23:00:44,372 [DEBUG] åŸå§‹æ–‡ä»¶å - url_decoded: 20230817_æœ‰æ„è­˜çš„ç”Ÿæ´»_01.mp3
2025-01-21 23:00:44,372 [INFO] æ–‡ä»¶åä¿¡æ¯ï¼š
2025-01-21 23:00:44,372 [INFO] - ä¸Šå‚³çš„æª”åï¼š20230817_%E6%9C%89%E6%84%8F%E8%AD%98%E7%9A%84%E7%94%9F%E6%B4%BB_01.mp3
2025-01-21 23:00:44,372 [INFO] - åŸå§‹æª”åï¼š20230817_æœ‰æ„è­˜çš„ç”Ÿæ´»_01.mp3
2025-01-21 23:00:44,372 [INFO] === é–‹å§‹è™•ç†æ–‡ä»¶å ===
2025-01-21 23:00:44,372 [INFO] è¼¸å…¥æ–‡ä»¶å: 20230817_%E6%9C%89%E6%84%8F%E8%AD%98%E7%9A%84%E7%94%9F%E6%B4%BB_01.mp3
2025-01-21 23:00:44,372 [INFO] åŸå§‹æ–‡ä»¶å: 20230817_æœ‰æ„è­˜çš„ç”Ÿæ´»_01.mp3
2025-01-21 23:00:44,372 [DEBUG] è¼¸å…¥æ–‡ä»¶å å­—ç¬¦ä¸²åˆ†æ:
2025-01-21 23:00:44,373 [DEBUG] è¼¸å…¥æ–‡ä»¶å - value: 20230817_%E6%9C%89%E6%84%8F%E8%AD%98%E7%9A%84%E7%94%9F%E6%B4%BB_01.mp3
2025-01-21 23:00:44,373 [DEBUG] è¼¸å…¥æ–‡ä»¶å - type: str
2025-01-21 23:00:44,373 [DEBUG] è¼¸å…¥æ–‡ä»¶å - length: 70
2025-01-21 23:00:44,373 [DEBUG] è¼¸å…¥æ–‡ä»¶å - bytes_repr: b'20230817_%E6%9C%89%E6%84%8F%E8%AD%98%E7%9A%84%E7%94%9F%E6%B4%BB_01.mp3'
2025-01-21 23:00:44,373 [DEBUG] è¼¸å…¥æ–‡ä»¶å - is_ascii: True
2025-01-21 23:00:44,373 [DEBUG] è¼¸å…¥æ–‡ä»¶å - contains_chinese: False
2025-01-21 23:00:44,373 [DEBUG] è¼¸å…¥æ–‡ä»¶å - url_encoded: 20230817_%25E6%259C%2589%25E6%2584%258F%25E8%25AD%2598%25E7%259A%2584%25E7%2594%259F%25E6%25B4%25BB_01.mp3
2025-01-21 23:00:44,373 [DEBUG] è¼¸å…¥æ–‡ä»¶å - url_decoded: 20230817_æœ‰æ„è­˜çš„ç”Ÿæ´»_01.mp3
2025-01-21 23:00:44,373 [DEBUG] åŸå§‹æ–‡ä»¶å å­—ç¬¦ä¸²åˆ†æ:
2025-01-21 23:00:44,373 [DEBUG] åŸå§‹æ–‡ä»¶å - value: 20230817_æœ‰æ„è­˜çš„ç”Ÿæ´»_01.mp3
2025-01-21 23:00:44,373 [DEBUG] åŸå§‹æ–‡ä»¶å - type: str
2025-01-21 23:00:44,373 [DEBUG] åŸå§‹æ–‡ä»¶å - length: 22
2025-01-21 23:00:44,373 [DEBUG] åŸå§‹æ–‡ä»¶å - bytes_repr: b'20230817_\xe6\x9c\x89\xe6\x84\x8f\xe8\xad\x98\xe7\x9a\x84\xe7\x94\x9f\xe6\xb4\xbb_01.mp3'
2025-01-21 23:00:44,373 [DEBUG] åŸå§‹æ–‡ä»¶å - is_ascii: False
2025-01-21 23:00:44,373 [DEBUG] åŸå§‹æ–‡ä»¶å - contains_chinese: True
2025-01-21 23:00:44,373 [DEBUG] åŸå§‹æ–‡ä»¶å - url_encoded: 20230817_%E6%9C%89%E6%84%8F%E8%AD%98%E7%9A%84%E7%94%9F%E6%B4%BB_01.mp3
2025-01-21 23:00:44,373 [DEBUG] åŸå§‹æ–‡ä»¶å - url_decoded: 20230817_æœ‰æ„è­˜çš„ç”Ÿæ´»_01.mp3
2025-01-21 23:00:44,373 [INFO] ä½¿ç”¨åŸå§‹æ–‡ä»¶å: 20230817_æœ‰æ„è­˜çš„ç”Ÿæ´»_01.mp3
2025-01-21 23:00:44,376 [INFO] æ¸…ç†ç‰¹æ®Šå­—ç¬¦: 20230817_æœ‰æ„è­˜çš„ç”Ÿæ´»_01.mp3 -> 20230817_æœ‰æ„è­˜çš„ç”Ÿæ´»_01mp3
2025-01-21 23:00:44,376 [DEBUG] æ¸…ç†å¾Œ å­—ç¬¦ä¸²åˆ†æ:
2025-01-21 23:00:44,376 [DEBUG] æ¸…ç†å¾Œ - value: 20230817_æœ‰æ„è­˜çš„ç”Ÿæ´»_01mp3
2025-01-21 23:00:44,376 [DEBUG] æ¸…ç†å¾Œ - type: str
2025-01-21 23:00:44,376 [DEBUG] æ¸…ç†å¾Œ - length: 21
2025-01-21 23:00:44,376 [DEBUG] æ¸…ç†å¾Œ - bytes_repr: b'20230817_\xe6\x9c\x89\xe6\x84\x8f\xe8\xad\x98\xe7\x9a\x84\xe7\x94\x9f\xe6\xb4\xbb_01mp3'
2025-01-21 23:00:44,377 [DEBUG] æ¸…ç†å¾Œ - is_ascii: False
2025-01-21 23:00:44,377 [DEBUG] æ¸…ç†å¾Œ - contains_chinese: True
2025-01-21 23:00:44,377 [DEBUG] æ¸…ç†å¾Œ - url_encoded: 20230817_%E6%9C%89%E6%84%8F%E8%AD%98%E7%9A%84%E7%94%9F%E6%B4%BB_01mp3
2025-01-21 23:00:44,377 [DEBUG] æ¸…ç†å¾Œ - url_decoded: 20230817_æœ‰æ„è­˜çš„ç”Ÿæ´»_01mp3
2025-01-21 23:00:44,377 [INFO] æœ€çµ‚æ–‡ä»¶å: 20230817_æœ‰æ„è­˜çš„ç”Ÿæ´»_01mp3
2025-01-21 23:00:44,377 [DEBUG] æœ€çµ‚çµæœ å­—ç¬¦ä¸²åˆ†æ:
2025-01-21 23:00:44,377 [DEBUG] æœ€çµ‚çµæœ - value: 20230817_æœ‰æ„è­˜çš„ç”Ÿæ´»_01mp3
2025-01-21 23:00:44,377 [DEBUG] æœ€çµ‚çµæœ - type: str
2025-01-21 23:00:44,377 [DEBUG] æœ€çµ‚çµæœ - length: 21
2025-01-21 23:00:44,377 [DEBUG] æœ€çµ‚çµæœ - bytes_repr: b'20230817_\xe6\x9c\x89\xe6\x84\x8f\xe8\xad\x98\xe7\x9a\x84\xe7\x94\x9f\xe6\xb4\xbb_01mp3'
2025-01-21 23:00:44,377 [DEBUG] æœ€çµ‚çµæœ - is_ascii: False
2025-01-21 23:00:44,377 [DEBUG] æœ€çµ‚çµæœ - contains_chinese: True
2025-01-21 23:00:44,377 [DEBUG] æœ€çµ‚çµæœ - url_encoded: 20230817_%E6%9C%89%E6%84%8F%E8%AD%98%E7%9A%84%E7%94%9F%E6%B4%BB_01mp3
2025-01-21 23:00:44,377 [DEBUG] æœ€çµ‚çµæœ - url_decoded: 20230817_æœ‰æ„è­˜çš„ç”Ÿæ´»_01mp3
2025-01-21 23:00:44,377 [INFO] è™•ç†å¾Œæª”åï¼š20230817_æœ‰æ„è­˜çš„ç”Ÿæ´»_01mp3
2025-01-21 23:00:44,377 [INFO] å®Œæ•´è·¯å¾‘ï¼šE:\CascadeProjects\rsg_mp3_to_text\uploads\20230817_æœ‰æ„è­˜çš„ç”Ÿæ´»_01mp3
2025-01-21 23:00:44,377 [INFO] åˆªé™¤å·²å­˜åœ¨çš„æ–‡ä»¶: E:\CascadeProjects\rsg_mp3_to_text\uploads\20230817_æœ‰æ„è­˜çš„ç”Ÿæ´»_01mp3
2025-01-21 23:00:44,584 [INFO] æ–‡ä»¶ä¿å­˜æˆåŠŸ: E:\CascadeProjects\rsg_mp3_to_text\uploads\20230817_æœ‰æ„è­˜çš„ç”Ÿæ´»_01mp3
2025-01-21 23:00:44,584 [INFO] æ–‡ä»¶å¤§å°ï¼š22853216 bytes
2025-01-21 23:00:44,584 [INFO] æ–‡ä»¶å¯ä»¥æ­£å¸¸è®€å–
2025-01-21 23:00:44,589 [INFO] 127.0.0.1 - - [21/Jan/2025 23:00:44] "POST /api/upload HTTP/1.1" 200 -
2025-01-21 23:00:44,902 [INFO] 127.0.0.1 - - [21/Jan/2025 23:00:44] "OPTIONS /api/transcribe HTTP/1.1" 200 -
2025-01-21 23:00:44,905 [INFO] é–‹å§‹è™•ç†è½‰éŒ„è«‹æ±‚
2025-01-21 23:00:44,905 [INFO] === é–‹å§‹è™•ç†æ–‡ä»¶å ===
2025-01-21 23:00:44,905 [INFO] è¼¸å…¥æ–‡ä»¶å: 20230817_æœ‰æ„è­˜çš„ç”Ÿæ´»_01mp3
2025-01-21 23:00:44,905 [INFO] åŸå§‹æ–‡ä»¶å: 20230817_æœ‰æ„è­˜çš„ç”Ÿæ´»_01.mp3
2025-01-21 23:00:44,905 [DEBUG] è¼¸å…¥æ–‡ä»¶å å­—ç¬¦ä¸²åˆ†æ:
2025-01-21 23:00:44,905 [DEBUG] è¼¸å…¥æ–‡ä»¶å - value: 20230817_æœ‰æ„è­˜çš„ç”Ÿæ´»_01mp3
2025-01-21 23:00:44,905 [DEBUG] è¼¸å…¥æ–‡ä»¶å - type: str
2025-01-21 23:00:44,905 [DEBUG] è¼¸å…¥æ–‡ä»¶å - length: 21
2025-01-21 23:00:44,905 [DEBUG] è¼¸å…¥æ–‡ä»¶å - bytes_repr: b'20230817_\xe6\x9c\x89\xe6\x84\x8f\xe8\xad\x98\xe7\x9a\x84\xe7\x94\x9f\xe6\xb4\xbb_01mp3'
2025-01-21 23:00:44,905 [DEBUG] è¼¸å…¥æ–‡ä»¶å - is_ascii: False
2025-01-21 23:00:44,905 [DEBUG] è¼¸å…¥æ–‡ä»¶å - contains_chinese: True
2025-01-21 23:00:44,905 [DEBUG] è¼¸å…¥æ–‡ä»¶å - url_encoded: 20230817_%E6%9C%89%E6%84%8F%E8%AD%98%E7%9A%84%E7%94%9F%E6%B4%BB_01mp3
2025-01-21 23:00:44,905 [DEBUG] è¼¸å…¥æ–‡ä»¶å - url_decoded: 20230817_æœ‰æ„è­˜çš„ç”Ÿæ´»_01mp3
2025-01-21 23:00:44,905 [DEBUG] åŸå§‹æ–‡ä»¶å å­—ç¬¦ä¸²åˆ†æ:
2025-01-21 23:00:44,906 [DEBUG] åŸå§‹æ–‡ä»¶å - value: 20230817_æœ‰æ„è­˜çš„ç”Ÿæ´»_01.mp3
2025-01-21 23:00:44,906 [DEBUG] åŸå§‹æ–‡ä»¶å - type: str
2025-01-21 23:00:44,906 [DEBUG] åŸå§‹æ–‡ä»¶å - length: 22
2025-01-21 23:00:44,906 [DEBUG] åŸå§‹æ–‡ä»¶å - bytes_repr: b'20230817_\xe6\x9c\x89\xe6\x84\x8f\xe8\xad\x98\xe7\x9a\x84\xe7\x94\x9f\xe6\xb4\xbb_01.mp3'
2025-01-21 23:00:44,906 [DEBUG] åŸå§‹æ–‡ä»¶å - is_ascii: False
2025-01-21 23:00:44,906 [DEBUG] åŸå§‹æ–‡ä»¶å - contains_chinese: True
2025-01-21 23:00:44,906 [DEBUG] åŸå§‹æ–‡ä»¶å - url_encoded: 20230817_%E6%9C%89%E6%84%8F%E8%AD%98%E7%9A%84%E7%94%9F%E6%B4%BB_01.mp3
2025-01-21 23:00:44,906 [DEBUG] åŸå§‹æ–‡ä»¶å - url_decoded: 20230817_æœ‰æ„è­˜çš„ç”Ÿæ´»_01.mp3
2025-01-21 23:00:44,906 [INFO] ä½¿ç”¨åŸå§‹æ–‡ä»¶å: 20230817_æœ‰æ„è­˜çš„ç”Ÿæ´»_01.mp3
2025-01-21 23:00:44,906 [INFO] æ¸…ç†ç‰¹æ®Šå­—ç¬¦: 20230817_æœ‰æ„è­˜çš„ç”Ÿæ´»_01.mp3 -> 20230817_æœ‰æ„è­˜çš„ç”Ÿæ´»_01mp3
2025-01-21 23:00:44,906 [DEBUG] æ¸…ç†å¾Œ å­—ç¬¦ä¸²åˆ†æ:
2025-01-21 23:00:44,906 [DEBUG] æ¸…ç†å¾Œ - value: 20230817_æœ‰æ„è­˜çš„ç”Ÿæ´»_01mp3
2025-01-21 23:00:44,906 [DEBUG] æ¸…ç†å¾Œ - type: str
2025-01-21 23:00:44,906 [DEBUG] æ¸…ç†å¾Œ - length: 21
2025-01-21 23:00:44,906 [DEBUG] æ¸…ç†å¾Œ - bytes_repr: b'20230817_\xe6\x9c\x89\xe6\x84\x8f\xe8\xad\x98\xe7\x9a\x84\xe7\x94\x9f\xe6\xb4\xbb_01mp3'
2025-01-21 23:00:44,906 [DEBUG] æ¸…ç†å¾Œ - is_ascii: False
2025-01-21 23:00:44,906 [DEBUG] æ¸…ç†å¾Œ - contains_chinese: True
2025-01-21 23:00:44,906 [DEBUG] æ¸…ç†å¾Œ - url_encoded: 20230817_%E6%9C%89%E6%84%8F%E8%AD%98%E7%9A%84%E7%94%9F%E6%B4%BB_01mp3
2025-01-21 23:00:44,907 [DEBUG] æ¸…ç†å¾Œ - url_decoded: 20230817_æœ‰æ„è­˜çš„ç”Ÿæ´»_01mp3
2025-01-21 23:00:44,907 [INFO] æœ€çµ‚æ–‡ä»¶å: 20230817_æœ‰æ„è­˜çš„ç”Ÿæ´»_01mp3
2025-01-21 23:00:44,907 [DEBUG] æœ€çµ‚çµæœ å­—ç¬¦ä¸²åˆ†æ:
2025-01-21 23:00:44,907 [DEBUG] æœ€çµ‚çµæœ - value: 20230817_æœ‰æ„è­˜çš„ç”Ÿæ´»_01mp3
2025-01-21 23:00:44,907 [DEBUG] æœ€çµ‚çµæœ - type: str
2025-01-21 23:00:44,907 [DEBUG] æœ€çµ‚çµæœ - length: 21
2025-01-21 23:00:44,907 [DEBUG] æœ€çµ‚çµæœ - bytes_repr: b'20230817_\xe6\x9c\x89\xe6\x84\x8f\xe8\xad\x98\xe7\x9a\x84\xe7\x94\x9f\xe6\xb4\xbb_01mp3'
2025-01-21 23:00:44,907 [DEBUG] æœ€çµ‚çµæœ - is_ascii: False
2025-01-21 23:00:44,907 [DEBUG] æœ€çµ‚çµæœ - contains_chinese: True
2025-01-21 23:00:44,907 [DEBUG] æœ€çµ‚çµæœ - url_encoded: 20230817_%E6%9C%89%E6%84%8F%E8%AD%98%E7%9A%84%E7%94%9F%E6%B4%BB_01mp3
2025-01-21 23:00:44,907 [DEBUG] æœ€çµ‚çµæœ - url_decoded: 20230817_æœ‰æ„è­˜çš„ç”Ÿæ´»_01mp3
2025-01-21 23:00:44,907 [INFO] æª”æ¡ˆè³‡è¨Šï¼š
2025-01-21 23:00:44,907 [INFO] - æª”æ¡ˆåï¼š20230817_æœ‰æ„è­˜çš„ç”Ÿæ´»_01mp3
2025-01-21 23:00:44,907 [INFO] - åŸå§‹æª”åï¼š20230817_æœ‰æ„è­˜çš„ç”Ÿæ´»_01.mp3
2025-01-21 23:00:44,907 [INFO] - å®Œæ•´è·¯å¾‘ï¼šE:\CascadeProjects\rsg_mp3_to_text\uploads\20230817_æœ‰æ„è­˜çš„ç”Ÿæ´»_01mp3
2025-01-21 23:00:44,908 [INFO] - ç›®éŒ„æ˜¯å¦å­˜åœ¨ï¼šTrue
2025-01-21 23:00:44,908 [INFO] - æª”æ¡ˆæ˜¯å¦å­˜åœ¨ï¼šTrue
2025-01-21 23:00:44,908 [INFO] é–‹å§‹è½‰éŒ„æª”æ¡ˆ: E:\CascadeProjects\rsg_mp3_to_text\uploads\20230817_æœ‰æ„è­˜çš„ç”Ÿæ´»_01mp3
2025-01-21 23:00:49,157 [ERROR] è½‰éŒ„éç¨‹ä¸­ç™¼ç”ŸéŒ¯èª¤: 'cp950' codec can't encode character '\u6b22' in position 26: illegal multibyte sequence
2025-01-21 23:00:49,157 [ERROR] è™•ç†æª”æ¡ˆæ™‚ç™¼ç”ŸéŒ¯èª¤: 'cp950' codec can't encode character '\u6b22' in position 26: illegal multibyte sequence
2025-01-21 23:00:49,157 [ERROR] è½‰éŒ„éŒ¯èª¤: 'cp950' codec can't encode character '\u6b22' in position 26: illegal multibyte sequence
2025-01-21 23:00:49,157 [ERROR] éŒ¯èª¤é¡å‹: <class 'UnicodeEncodeError'>
2025-01-21 23:00:49,158 [INFO] 127.0.0.1 - - [21/Jan/2025 23:00:49] "[35m[1mPOST /api/transcribe HTTP/1.1[0m" 500 -
2025-01-21 23:02:19,604 [INFO]  * Detected change in 'E:\\CascadeProjects\\rsg_mp3_to_text\\app.py', reloading
2025-01-21 23:02:19,606 [INFO]  * Detected change in 'E:\\CascadeProjects\\rsg_mp3_to_text\\app.py', reloading
2025-01-21 23:02:19,614 [INFO]  * Detected change in 'E:\\CascadeProjects\\rsg_mp3_to_text\\app.py', reloading
2025-01-21 23:02:19,659 [INFO]  * Detected change in 'E:\\CascadeProjects\\rsg_mp3_to_text\\app.py', reloading
2025-01-21 23:02:19,669 [INFO]  * Detected change in 'E:\\CascadeProjects\\rsg_mp3_to_text\\app.py', reloading
2025-01-21 23:02:20,189 [INFO]  * Detected change in 'E:\\CascadeProjects\\rsg_mp3_to_text\\app.py', reloading
2025-01-21 23:02:20,203 [INFO]  * Detected change in 'E:\\CascadeProjects\\rsg_mp3_to_text\\app.py', reloading
2025-01-21 23:02:20,311 [INFO]  * Detected change in 'E:\\CascadeProjects\\rsg_mp3_to_text\\app.py', reloading
2025-01-21 23:02:20,635 [INFO]  * Detected change in 'E:\\CascadeProjects\\rsg_mp3_to_text\\app.py', reloading
2025-01-21 23:12:09,936 [INFO] === ç³»çµ±ç’°å¢ƒä¿¡æ¯ ===
2025-01-21 23:12:09,936 [INFO] Python ç‰ˆæœ¬: 3.12.6 (tags/v3.12.6:a4a2d2b, Sep  6 2024, 20:11:23) [MSC v.1940 64 bit (AMD64)]
2025-01-21 23:12:09,936 [INFO] ç³»çµ±å¹³å°: win32
2025-01-21 23:12:09,936 [INFO] æ–‡ä»¶ç³»çµ±ç·¨ç¢¼: utf-8
2025-01-21 23:12:09,936 [INFO] é»˜èªç·¨ç¢¼: utf-8
2025-01-21 23:12:09,936 [INFO] ç’°å¢ƒè®Šé‡:
2025-01-21 23:12:09,936 [INFO] - PYTHONIOENCODING: utf-8
2025-01-21 23:12:09,936 [INFO] - PYTHONUTF8: 1
2025-01-21 23:12:09,936 [INFO] - LANG: zh_TW.UTF-8
2025-01-21 23:12:09,936 [INFO] - LC_ALL: zh_TW.UTF-8
2025-01-21 23:12:10,790 [INFO] [31m[1mWARNING: This is a development server. Do not use it in a production deployment. Use a production WSGI server instead.[0m
 * Running on all addresses (0.0.0.0)
 * Running on http://127.0.0.1:5000
 * Running on http://192.168.10.58:5000
2025-01-21 23:12:10,790 [INFO] [33mPress CTRL+C to quit[0m
2025-01-21 23:12:10,790 [INFO]  * Restarting with stat
2025-01-21 23:12:12,475 [INFO] === ç³»çµ±ç’°å¢ƒä¿¡æ¯ ===
2025-01-21 23:12:12,475 [INFO] Python ç‰ˆæœ¬: 3.12.6 (tags/v3.12.6:a4a2d2b, Sep  6 2024, 20:11:23) [MSC v.1940 64 bit (AMD64)]
2025-01-21 23:12:12,475 [INFO] ç³»çµ±å¹³å°: win32
2025-01-21 23:12:12,475 [INFO] æ–‡ä»¶ç³»çµ±ç·¨ç¢¼: mbcs
2025-01-21 23:12:12,475 [INFO] é»˜èªç·¨ç¢¼: utf-8
2025-01-21 23:12:12,475 [INFO] ç’°å¢ƒè®Šé‡:
2025-01-21 23:12:12,475 [INFO] - PYTHONIOENCODING: utf-8
2025-01-21 23:12:12,475 [INFO] - PYTHONUTF8: 1
2025-01-21 23:12:12,475 [INFO] - LANG: zh_TW.UTF-8
2025-01-21 23:12:12,475 [INFO] - LC_ALL: zh_TW.UTF-8
2025-01-21 23:12:13,241 [WARNING]  * Debugger is active!
2025-01-21 23:12:13,243 [INFO]  * Debugger PIN: 498-731-931
2025-01-21 23:13:23,047 [INFO] === é–‹å§‹è™•ç†æ–‡ä»¶ä¸Šå‚³è«‹æ±‚ ===
2025-01-21 23:13:23,047 [INFO] è«‹æ±‚é ­: {'Host': 'localhost:5000', 'Connection': 'keep-alive', 'Content-Length': '22853597', 'Pragma': 'no-cache', 'Cache-Control': 'no-cache', 'Sec-Ch-Ua-Platform': '"Windows"', 'User-Agent': 'Mozilla/5.0 (Windows NT 10.0; Win64; x64) AppleWebKit/537.36 (KHTML, like Gecko) Chrome/131.0.0.0 Safari/537.36', 'Accept': 'application/json', 'Sec-Ch-Ua': '"Google Chrome";v="131", "Chromium";v="131", "Not_A Brand";v="24"', 'Content-Type': 'multipart/form-data; boundary=----WebKitFormBoundaryEBulRZQyNq4TNg8q', 'Sec-Ch-Ua-Mobile': '?0', 'Origin': 'http://localhost:5500', 'Sec-Fetch-Site': 'same-site', 'Sec-Fetch-Mode': 'cors', 'Sec-Fetch-Dest': 'empty', 'Referer': 'http://localhost:5500/', 'Accept-Encoding': 'gzip, deflate, br, zstd', 'Accept-Language': 'zh-TW,zh;q=0.9,en-US;q=0.8,en;q=0.7'}
2025-01-21 23:13:23,109 [INFO] === æ–‡ä»¶ä¿¡æ¯ ===
2025-01-21 23:13:23,109 [INFO] Content-Type: multipart/form-data; boundary=----WebKitFormBoundaryEBulRZQyNq4TNg8q
2025-01-21 23:13:23,111 [INFO] è¡¨å–®æ•¸æ“š: {'originalFilename': '20230817_æœ‰æ„è­˜çš„ç”Ÿæ´»_01.mp3'}
2025-01-21 23:13:23,111 [INFO] æ–‡ä»¶å°è±¡: <FileStorage: '20230817_%E6%9C%89%E6%84%8F%E8%AD%98%E7%9A%84%E7%94%9F%E6%B4%BB_01.mp3' ('audio/mpeg')>
2025-01-21 23:13:23,111 [INFO] æ–‡ä»¶å: 20230817_%E6%9C%89%E6%84%8F%E8%AD%98%E7%9A%84%E7%94%9F%E6%B4%BB_01.mp3
2025-01-21 23:13:23,114 [DEBUG] ä¸Šå‚³çš„æ–‡ä»¶å å­—ç¬¦ä¸²åˆ†æ:
2025-01-21 23:13:23,114 [DEBUG] ä¸Šå‚³çš„æ–‡ä»¶å - value: 20230817_%E6%9C%89%E6%84%8F%E8%AD%98%E7%9A%84%E7%94%9F%E6%B4%BB_01.mp3
2025-01-21 23:13:23,114 [DEBUG] ä¸Šå‚³çš„æ–‡ä»¶å - type: str
2025-01-21 23:13:23,114 [DEBUG] ä¸Šå‚³çš„æ–‡ä»¶å - length: 70
2025-01-21 23:13:23,114 [DEBUG] ä¸Šå‚³çš„æ–‡ä»¶å - bytes_repr: b'20230817_%E6%9C%89%E6%84%8F%E8%AD%98%E7%9A%84%E7%94%9F%E6%B4%BB_01.mp3'
2025-01-21 23:13:23,114 [DEBUG] ä¸Šå‚³çš„æ–‡ä»¶å - is_ascii: True
2025-01-21 23:13:23,115 [DEBUG] ä¸Šå‚³çš„æ–‡ä»¶å - contains_chinese: False
2025-01-21 23:13:23,115 [DEBUG] ä¸Šå‚³çš„æ–‡ä»¶å - url_encoded: 20230817_%25E6%259C%2589%25E6%2584%258F%25E8%25AD%2598%25E7%259A%2584%25E7%2594%259F%25E6%25B4%25BB_01.mp3
2025-01-21 23:13:23,115 [DEBUG] ä¸Šå‚³çš„æ–‡ä»¶å - url_decoded: 20230817_æœ‰æ„è­˜çš„ç”Ÿæ´»_01.mp3
2025-01-21 23:13:23,115 [DEBUG] åŸå§‹æ–‡ä»¶å å­—ç¬¦ä¸²åˆ†æ:
2025-01-21 23:13:23,115 [DEBUG] åŸå§‹æ–‡ä»¶å - value: 20230817_æœ‰æ„è­˜çš„ç”Ÿæ´»_01.mp3
2025-01-21 23:13:23,115 [DEBUG] åŸå§‹æ–‡ä»¶å - type: str
2025-01-21 23:13:23,115 [DEBUG] åŸå§‹æ–‡ä»¶å - length: 22
2025-01-21 23:13:23,115 [DEBUG] åŸå§‹æ–‡ä»¶å - bytes_repr: b'20230817_\xe6\x9c\x89\xe6\x84\x8f\xe8\xad\x98\xe7\x9a\x84\xe7\x94\x9f\xe6\xb4\xbb_01.mp3'
2025-01-21 23:13:23,115 [DEBUG] åŸå§‹æ–‡ä»¶å - is_ascii: False
2025-01-21 23:13:23,115 [DEBUG] åŸå§‹æ–‡ä»¶å - contains_chinese: True
2025-01-21 23:13:23,115 [DEBUG] åŸå§‹æ–‡ä»¶å - url_encoded: 20230817_%E6%9C%89%E6%84%8F%E8%AD%98%E7%9A%84%E7%94%9F%E6%B4%BB_01.mp3
2025-01-21 23:13:23,116 [DEBUG] åŸå§‹æ–‡ä»¶å - url_decoded: 20230817_æœ‰æ„è­˜çš„ç”Ÿæ´»_01.mp3
2025-01-21 23:13:23,116 [INFO] æ–‡ä»¶åä¿¡æ¯ï¼š
2025-01-21 23:13:23,116 [INFO] - ä¸Šå‚³çš„æª”åï¼š20230817_%E6%9C%89%E6%84%8F%E8%AD%98%E7%9A%84%E7%94%9F%E6%B4%BB_01.mp3
2025-01-21 23:13:23,116 [INFO] - åŸå§‹æª”åï¼š20230817_æœ‰æ„è­˜çš„ç”Ÿæ´»_01.mp3
2025-01-21 23:13:23,116 [DEBUG] æª”åè™•ç†éç¨‹:
2025-01-21 23:13:23,116 [DEBUG] - åŸå§‹æª”å: 20230817_æœ‰æ„è­˜çš„ç”Ÿæ´»_01.mp3
2025-01-21 23:13:23,116 [DEBUG] - è™•ç†å¾Œæª”å: 20230817_æœ‰æ„è­˜çš„ç”Ÿæ´»_01.mp3
2025-01-21 23:13:23,116 [DEBUG] - ç·¨ç¢¼: b'20230817_\xe6\x9c\x89\xe6\x84\x8f\xe8\xad\x98\xe7\x9a\x84\xe7\x94\x9f\xe6\xb4\xbb_01.mp3'
2025-01-21 23:13:23,116 [INFO] è™•ç†å¾Œæª”åï¼š20230817_æœ‰æ„è­˜çš„ç”Ÿæ´»_01.mp3
2025-01-21 23:13:23,116 [INFO] å®Œæ•´è·¯å¾‘ï¼šE:\CascadeProjects\rsg_mp3_to_text\uploads\20230817_æœ‰æ„è­˜çš„ç”Ÿæ´»_01.mp3
2025-01-21 23:13:23,173 [INFO] æ–‡ä»¶ä¿å­˜æˆåŠŸ: E:\CascadeProjects\rsg_mp3_to_text\uploads\20230817_æœ‰æ„è­˜çš„ç”Ÿæ´»_01.mp3
2025-01-21 23:13:23,173 [INFO] æ–‡ä»¶å¤§å°ï¼š22853216 bytes
2025-01-21 23:13:23,173 [INFO] æ–‡ä»¶å¯ä»¥æ­£å¸¸è®€å–
2025-01-21 23:13:23,178 [INFO] 127.0.0.1 - - [21/Jan/2025 23:13:23] "POST /api/upload HTTP/1.1" 200 -
2025-01-21 23:13:23,492 [INFO] 127.0.0.1 - - [21/Jan/2025 23:13:23] "OPTIONS /api/transcribe HTTP/1.1" 200 -
2025-01-21 23:13:23,493 [INFO] é–‹å§‹è™•ç†è½‰éŒ„è«‹æ±‚
2025-01-21 23:13:23,494 [DEBUG] æª”åè™•ç†éç¨‹:
2025-01-21 23:13:23,494 [DEBUG] - åŸå§‹æª”å: 20230817_æœ‰æ„è­˜çš„ç”Ÿæ´»_01.mp3
2025-01-21 23:13:23,494 [DEBUG] - è™•ç†å¾Œæª”å: 20230817_æœ‰æ„è­˜çš„ç”Ÿæ´»_01.mp3
2025-01-21 23:13:23,494 [DEBUG] - ç·¨ç¢¼: b'20230817_\xe6\x9c\x89\xe6\x84\x8f\xe8\xad\x98\xe7\x9a\x84\xe7\x94\x9f\xe6\xb4\xbb_01.mp3'
2025-01-21 23:13:23,495 [INFO] æª”æ¡ˆè³‡è¨Šï¼š
2025-01-21 23:13:23,495 [INFO] - æª”æ¡ˆåï¼š20230817_æœ‰æ„è­˜çš„ç”Ÿæ´»_01.mp3
2025-01-21 23:13:23,495 [INFO] - åŸå§‹æª”åï¼š20230817_æœ‰æ„è­˜çš„ç”Ÿæ´»_01.mp3
2025-01-21 23:13:23,495 [INFO] - å®Œæ•´è·¯å¾‘ï¼šE:\CascadeProjects\rsg_mp3_to_text\uploads\20230817_æœ‰æ„è­˜çš„ç”Ÿæ´»_01.mp3
2025-01-21 23:13:23,495 [INFO] - ç›®éŒ„æ˜¯å¦å­˜åœ¨ï¼šTrue
2025-01-21 23:13:23,495 [INFO] - æª”æ¡ˆæ˜¯å¦å­˜åœ¨ï¼šTrue
2025-01-21 23:13:23,495 [INFO] é–‹å§‹è½‰éŒ„æª”æ¡ˆ: E:\CascadeProjects\rsg_mp3_to_text\uploads\20230817_æœ‰æ„è­˜çš„ç”Ÿæ´»_01.mp3
2025-01-21 23:15:13,543 [INFO] è½‰éŒ„å®Œæˆ
2025-01-21 23:15:13,546 [INFO] 127.0.0.1 - - [21/Jan/2025 23:15:13] "POST /api/transcribe HTTP/1.1" 200 -
2025-01-21 23:20:14,127 [INFO]  * Detected change in 'E:\\CascadeProjects\\rsg_mp3_to_text\\app.py', reloading
2025-01-21 23:20:14,592 [INFO]  * Restarting with stat
